2019-10-26 15:52:10 INFO  DefaultTestContextBootstrapper:248 - Loaded default TestExecutionListener class names from location [META-INF/spring.factories]: [org.springframework.test.context.web.ServletTestExecutionListener, org.springframework.test.context.support.DirtiesContextBeforeModesTestExecutionListener, org.springframework.test.context.support.DependencyInjectionTestExecutionListener, org.springframework.test.context.support.DirtiesContextTestExecutionListener, org.springframework.test.context.transaction.TransactionalTestExecutionListener, org.springframework.test.context.jdbc.SqlScriptsTestExecutionListener]
2019-10-26 15:52:10 INFO  DefaultTestContextBootstrapper:177 - Using TestExecutionListeners: [org.springframework.test.context.support.DirtiesContextBeforeModesTestExecutionListener@1cbbffcd, org.springframework.test.context.support.DependencyInjectionTestExecutionListener@27ce24aa, org.springframework.test.context.support.DirtiesContextTestExecutionListener@481a996b, org.springframework.test.context.transaction.TransactionalTestExecutionListener@3d51f06e, org.springframework.test.context.jdbc.SqlScriptsTestExecutionListener@7ed7259e]
2019-10-26 15:52:11 INFO  GenericApplicationContext:590 - Refreshing org.springframework.context.support.GenericApplicationContext@55183b20: startup date [Sat Oct 26 15:52:11 EET 2019]; root of context hierarchy
2019-10-26 15:52:11 INFO  DeviceManager:24 - 9
2019-10-26 15:52:30 INFO  GenericApplicationContext:993 - Closing org.springframework.context.support.GenericApplicationContext@55183b20: startup date [Sat Oct 26 15:52:11 EET 2019]; root of context hierarchy
2019-10-30 11:34:42 INFO  DefaultTestContextBootstrapper:248 - Loaded default TestExecutionListener class names from location [META-INF/spring.factories]: [org.springframework.test.context.web.ServletTestExecutionListener, org.springframework.test.context.support.DirtiesContextBeforeModesTestExecutionListener, org.springframework.test.context.support.DependencyInjectionTestExecutionListener, org.springframework.test.context.support.DirtiesContextTestExecutionListener, org.springframework.test.context.transaction.TransactionalTestExecutionListener, org.springframework.test.context.jdbc.SqlScriptsTestExecutionListener]
2019-10-30 11:34:42 INFO  DefaultTestContextBootstrapper:177 - Using TestExecutionListeners: [org.springframework.test.context.support.DirtiesContextBeforeModesTestExecutionListener@67205a84, org.springframework.test.context.support.DependencyInjectionTestExecutionListener@7d0587f1, org.springframework.test.context.support.DirtiesContextTestExecutionListener@5d76b067, org.springframework.test.context.transaction.TransactionalTestExecutionListener@2a17b7b6, org.springframework.test.context.jdbc.SqlScriptsTestExecutionListener@4f063c0a]
2019-10-30 11:34:42 INFO  GenericApplicationContext:590 - Refreshing org.springframework.context.support.GenericApplicationContext@587d1d39: startup date [Wed Oct 30 11:34:42 EET 2019]; root of context hierarchy
2019-10-30 11:34:42 INFO  DriverManagerDataSource:133 - Loaded JDBC driver: com.mysql.cj.jdbc.Driver
2019-10-30 11:34:45 INFO  DriverWebTestFactory:15 - BrowserType : CHROME
2019-10-30 11:34:47 INFO  LoginPage:38 - send keys username : SpringUser
2019-10-30 11:34:48 INFO  LoginPage:40 - send keys password : springuserpassword
2019-10-30 11:34:56 INFO  Browser:134 - waiting for page load complete : https://twitter.com/home
2019-10-30 11:34:56 INFO  Browser:140 - page load ready state triggered
2019-10-30 11:34:56 INFO  GenericApplicationContext:993 - Closing org.springframework.context.support.GenericApplicationContext@587d1d39: startup date [Wed Oct 30 11:34:42 EET 2019]; root of context hierarchy
2019-10-30 11:35:07 INFO  DefaultTestContextBootstrapper:248 - Loaded default TestExecutionListener class names from location [META-INF/spring.factories]: [org.springframework.test.context.web.ServletTestExecutionListener, org.springframework.test.context.support.DirtiesContextBeforeModesTestExecutionListener, org.springframework.test.context.support.DependencyInjectionTestExecutionListener, org.springframework.test.context.support.DirtiesContextTestExecutionListener, org.springframework.test.context.transaction.TransactionalTestExecutionListener, org.springframework.test.context.jdbc.SqlScriptsTestExecutionListener]
2019-10-30 11:35:07 INFO  DefaultTestContextBootstrapper:177 - Using TestExecutionListeners: [org.springframework.test.context.support.DirtiesContextBeforeModesTestExecutionListener@185d8b6, org.springframework.test.context.support.DependencyInjectionTestExecutionListener@67784306, org.springframework.test.context.support.DirtiesContextTestExecutionListener@335eadca, org.springframework.test.context.transaction.TransactionalTestExecutionListener@210366b4, org.springframework.test.context.jdbc.SqlScriptsTestExecutionListener@eec5a4a]
2019-10-30 11:35:07 INFO  GenericApplicationContext:590 - Refreshing org.springframework.context.support.GenericApplicationContext@33f88ab: startup date [Wed Oct 30 11:35:07 EET 2019]; root of context hierarchy
2019-10-30 11:35:08 INFO  DeviceManager:27 - -----------------------------------------------------
2019-10-30 11:35:08 INFO  DeviceManager:28 - device uid : { emulator-5554 }
2019-10-30 11:35:08 INFO  DeviceManager:29 - device version : { 9 }
2019-10-30 11:35:08 INFO  DeviceManager:30 - device manufacturer : { Google }
2019-10-30 11:35:08 INFO  DeviceManager:31 - device model : { Android SDK built for x86 }
2019-10-30 11:35:08 INFO  DeviceManager:32 - -----------------------------------------------------
2019-10-30 11:35:08 INFO  GenericApplicationContext:993 - Closing org.springframework.context.support.GenericApplicationContext@33f88ab: startup date [Wed Oct 30 11:35:07 EET 2019]; root of context hierarchy
2019-10-30 11:35:26 INFO  DefaultTestContextBootstrapper:248 - Loaded default TestExecutionListener class names from location [META-INF/spring.factories]: [org.springframework.test.context.web.ServletTestExecutionListener, org.springframework.test.context.support.DirtiesContextBeforeModesTestExecutionListener, org.springframework.test.context.support.DependencyInjectionTestExecutionListener, org.springframework.test.context.support.DirtiesContextTestExecutionListener, org.springframework.test.context.transaction.TransactionalTestExecutionListener, org.springframework.test.context.jdbc.SqlScriptsTestExecutionListener]
2019-10-30 11:35:26 INFO  DefaultTestContextBootstrapper:177 - Using TestExecutionListeners: [org.springframework.test.context.support.DirtiesContextBeforeModesTestExecutionListener@185d8b6, org.springframework.test.context.support.DependencyInjectionTestExecutionListener@67784306, org.springframework.test.context.support.DirtiesContextTestExecutionListener@335eadca, org.springframework.test.context.transaction.TransactionalTestExecutionListener@210366b4, org.springframework.test.context.jdbc.SqlScriptsTestExecutionListener@eec5a4a]
2019-10-30 11:35:26 INFO  GenericApplicationContext:590 - Refreshing org.springframework.context.support.GenericApplicationContext@33f88ab: startup date [Wed Oct 30 11:35:26 EET 2019]; root of context hierarchy
2019-10-30 11:35:26 INFO  DeviceManager:27 - -----------------------------------------------------
2019-10-30 11:35:26 INFO  DeviceManager:28 - device uid : { emulator-5554 }
2019-10-30 11:35:26 INFO  DeviceManager:29 - device version : { 9 }
2019-10-30 11:35:26 INFO  DeviceManager:30 - device manufacturer : { Google }
2019-10-30 11:35:26 INFO  DeviceManager:31 - device model : { Android SDK built for x86 }
2019-10-30 11:35:26 INFO  DeviceManager:32 - -----------------------------------------------------
2019-10-30 11:35:26 INFO  GenericApplicationContext:993 - Closing org.springframework.context.support.GenericApplicationContext@33f88ab: startup date [Wed Oct 30 11:35:26 EET 2019]; root of context hierarchy
2019-10-30 18:52:49 INFO  DefaultTestContextBootstrapper:248 - Loaded default TestExecutionListener class names from location [META-INF/spring.factories]: [org.springframework.test.context.web.ServletTestExecutionListener, org.springframework.test.context.support.DirtiesContextBeforeModesTestExecutionListener, org.springframework.test.context.support.DependencyInjectionTestExecutionListener, org.springframework.test.context.support.DirtiesContextTestExecutionListener, org.springframework.test.context.transaction.TransactionalTestExecutionListener, org.springframework.test.context.jdbc.SqlScriptsTestExecutionListener]
2019-10-30 18:52:49 INFO  DefaultTestContextBootstrapper:177 - Using TestExecutionListeners: [org.springframework.test.context.support.DirtiesContextBeforeModesTestExecutionListener@67205a84, org.springframework.test.context.support.DependencyInjectionTestExecutionListener@7d0587f1, org.springframework.test.context.support.DirtiesContextTestExecutionListener@5d76b067, org.springframework.test.context.transaction.TransactionalTestExecutionListener@2a17b7b6, org.springframework.test.context.jdbc.SqlScriptsTestExecutionListener@4f063c0a]
2019-10-30 18:52:49 INFO  GenericApplicationContext:590 - Refreshing org.springframework.context.support.GenericApplicationContext@587d1d39: startup date [Wed Oct 30 18:52:49 EET 2019]; root of context hierarchy
2019-10-30 18:52:49 INFO  DriverManagerDataSource:133 - Loaded JDBC driver: com.mysql.cj.jdbc.Driver
2019-10-30 18:52:52 INFO  DriverWebTestFactory:15 - BrowserType : CHROME
2019-10-30 18:52:55 INFO  LoginPage:38 - send keys username : SpringUser
2019-10-30 18:52:55 INFO  LoginPage:40 - send keys password : springuserpassword
2019-10-30 18:53:02 INFO  Browser:134 - waiting for page load complete : https://twitter.com/home
2019-10-30 18:53:02 INFO  Browser:140 - page load ready state triggered
2019-10-30 18:53:02 INFO  GenericApplicationContext:993 - Closing org.springframework.context.support.GenericApplicationContext@587d1d39: startup date [Wed Oct 30 18:52:49 EET 2019]; root of context hierarchy
2019-10-30 19:24:50 INFO  DefaultTestContextBootstrapper:248 - Loaded default TestExecutionListener class names from location [META-INF/spring.factories]: [org.springframework.test.context.web.ServletTestExecutionListener, org.springframework.test.context.support.DirtiesContextBeforeModesTestExecutionListener, org.springframework.test.context.support.DependencyInjectionTestExecutionListener, org.springframework.test.context.support.DirtiesContextTestExecutionListener, org.springframework.test.context.transaction.TransactionalTestExecutionListener, org.springframework.test.context.jdbc.SqlScriptsTestExecutionListener]
2019-10-30 19:24:50 INFO  DefaultTestContextBootstrapper:177 - Using TestExecutionListeners: [org.springframework.test.context.support.DirtiesContextBeforeModesTestExecutionListener@5e853265, org.springframework.test.context.support.DependencyInjectionTestExecutionListener@67205a84, org.springframework.test.context.support.DirtiesContextTestExecutionListener@7d0587f1, org.springframework.test.context.transaction.TransactionalTestExecutionListener@5d76b067, org.springframework.test.context.jdbc.SqlScriptsTestExecutionListener@2a17b7b6]
2019-10-30 19:24:50 INFO  GenericApplicationContext:590 - Refreshing org.springframework.context.support.GenericApplicationContext@2c039ac6: startup date [Wed Oct 30 19:24:50 EET 2019]; root of context hierarchy
2019-10-30 19:24:51 INFO  DriverManagerDataSource:133 - Loaded JDBC driver: com.mysql.cj.jdbc.Driver
2019-10-30 19:24:53 INFO  DriverWebTestFactory:15 - BrowserType : CHROME
2019-10-30 19:24:54 INFO  GenericApplicationContext:993 - Closing org.springframework.context.support.GenericApplicationContext@2c039ac6: startup date [Wed Oct 30 19:24:50 EET 2019]; root of context hierarchy
2019-10-30 19:28:26 INFO  DefaultTestContextBootstrapper:248 - Loaded default TestExecutionListener class names from location [META-INF/spring.factories]: [org.springframework.test.context.web.ServletTestExecutionListener, org.springframework.test.context.support.DirtiesContextBeforeModesTestExecutionListener, org.springframework.test.context.support.DependencyInjectionTestExecutionListener, org.springframework.test.context.support.DirtiesContextTestExecutionListener, org.springframework.test.context.transaction.TransactionalTestExecutionListener, org.springframework.test.context.jdbc.SqlScriptsTestExecutionListener]
2019-10-30 19:28:26 INFO  DefaultTestContextBootstrapper:177 - Using TestExecutionListeners: [org.springframework.test.context.support.DirtiesContextBeforeModesTestExecutionListener@5e853265, org.springframework.test.context.support.DependencyInjectionTestExecutionListener@67205a84, org.springframework.test.context.support.DirtiesContextTestExecutionListener@7d0587f1, org.springframework.test.context.transaction.TransactionalTestExecutionListener@5d76b067, org.springframework.test.context.jdbc.SqlScriptsTestExecutionListener@2a17b7b6]
2019-10-30 19:28:26 INFO  GenericApplicationContext:590 - Refreshing org.springframework.context.support.GenericApplicationContext@2c039ac6: startup date [Wed Oct 30 19:28:26 EET 2019]; root of context hierarchy
2019-10-30 19:28:26 INFO  DriverManagerDataSource:133 - Loaded JDBC driver: com.mysql.cj.jdbc.Driver
2019-10-30 19:28:27 INFO  DriverWebTestFactory:15 - BrowserType : CHROME
2019-10-30 19:28:28 INFO  GenericApplicationContext:993 - Closing org.springframework.context.support.GenericApplicationContext@2c039ac6: startup date [Wed Oct 30 19:28:26 EET 2019]; root of context hierarchy
2020-02-04 20:17:42 INFO  DefaultTestContextBootstrapper:248 - Loaded default TestExecutionListener class names from location [META-INF/spring.factories]: [org.springframework.test.context.web.ServletTestExecutionListener, org.springframework.test.context.support.DirtiesContextBeforeModesTestExecutionListener, org.springframework.test.context.support.DependencyInjectionTestExecutionListener, org.springframework.test.context.support.DirtiesContextTestExecutionListener, org.springframework.test.context.transaction.TransactionalTestExecutionListener, org.springframework.test.context.jdbc.SqlScriptsTestExecutionListener]
2020-02-04 20:17:42 INFO  DefaultTestContextBootstrapper:177 - Using TestExecutionListeners: [org.springframework.test.context.support.DirtiesContextBeforeModesTestExecutionListener@1dde4cb2, org.springframework.test.context.support.DependencyInjectionTestExecutionListener@7714e963, org.springframework.test.context.support.DirtiesContextTestExecutionListener@20ce78ec, org.springframework.test.context.transaction.TransactionalTestExecutionListener@393671df, org.springframework.test.context.jdbc.SqlScriptsTestExecutionListener@56620197]
2020-02-04 20:17:42 INFO  GenericApplicationContext:590 - Refreshing org.springframework.context.support.GenericApplicationContext@34a3d150: startup date [Tue Feb 04 20:17:42 EET 2020]; root of context hierarchy
2020-02-04 20:17:43 INFO  ValueAnnotationTest:18 - https://twitter.com/
2020-02-04 20:17:43 INFO  GenericApplicationContext:993 - Closing org.springframework.context.support.GenericApplicationContext@34a3d150: startup date [Tue Feb 04 20:17:42 EET 2020]; root of context hierarchy
2020-02-05 14:18:57 INFO  DefaultTestContextBootstrapper:248 - Loaded default TestExecutionListener class names from location [META-INF/spring.factories]: [org.springframework.test.context.web.ServletTestExecutionListener, org.springframework.test.context.support.DirtiesContextBeforeModesTestExecutionListener, org.springframework.test.context.support.DependencyInjectionTestExecutionListener, org.springframework.test.context.support.DirtiesContextTestExecutionListener, org.springframework.test.context.transaction.TransactionalTestExecutionListener, org.springframework.test.context.jdbc.SqlScriptsTestExecutionListener]
2020-02-05 14:18:57 INFO  DefaultTestContextBootstrapper:177 - Using TestExecutionListeners: [org.springframework.test.context.support.DirtiesContextBeforeModesTestExecutionListener@7c29daf3, org.springframework.test.context.support.DependencyInjectionTestExecutionListener@9660f4e, org.springframework.test.context.support.DirtiesContextTestExecutionListener@5a8806ef, org.springframework.test.context.transaction.TransactionalTestExecutionListener@6c49835d, org.springframework.test.context.jdbc.SqlScriptsTestExecutionListener@5e853265]
2020-02-05 14:18:57 INFO  GenericApplicationContext:590 - Refreshing org.springframework.context.support.GenericApplicationContext@27808f31: startup date [Wed Feb 05 14:18:57 EET 2020]; root of context hierarchy
2020-02-05 14:18:58 INFO  DriverManagerDataSource:133 - Loaded JDBC driver: com.mysql.cj.jdbc.Driver
2020-02-05 14:18:58 INFO  GenericApplicationContext:993 - Closing org.springframework.context.support.GenericApplicationContext@27808f31: startup date [Wed Feb 05 14:18:57 EET 2020]; root of context hierarchy
2020-02-05 14:19:26 INFO  DefaultTestContextBootstrapper:248 - Loaded default TestExecutionListener class names from location [META-INF/spring.factories]: [org.springframework.test.context.web.ServletTestExecutionListener, org.springframework.test.context.support.DirtiesContextBeforeModesTestExecutionListener, org.springframework.test.context.support.DependencyInjectionTestExecutionListener, org.springframework.test.context.support.DirtiesContextTestExecutionListener, org.springframework.test.context.transaction.TransactionalTestExecutionListener, org.springframework.test.context.jdbc.SqlScriptsTestExecutionListener]
2020-02-05 14:19:26 INFO  DefaultTestContextBootstrapper:177 - Using TestExecutionListeners: [org.springframework.test.context.support.DirtiesContextBeforeModesTestExecutionListener@7c29daf3, org.springframework.test.context.support.DependencyInjectionTestExecutionListener@9660f4e, org.springframework.test.context.support.DirtiesContextTestExecutionListener@5a8806ef, org.springframework.test.context.transaction.TransactionalTestExecutionListener@6c49835d, org.springframework.test.context.jdbc.SqlScriptsTestExecutionListener@5e853265]
2020-02-05 14:19:26 INFO  GenericApplicationContext:590 - Refreshing org.springframework.context.support.GenericApplicationContext@27808f31: startup date [Wed Feb 05 14:19:26 EET 2020]; root of context hierarchy
2020-02-05 14:19:26 INFO  DriverManagerDataSource:133 - Loaded JDBC driver: com.mysql.cj.jdbc.Driver
2020-02-05 14:19:26 INFO  GenericApplicationContext:993 - Closing org.springframework.context.support.GenericApplicationContext@27808f31: startup date [Wed Feb 05 14:19:26 EET 2020]; root of context hierarchy
